# JRE version: Java(TM) SE Runtime Environment (17.0.6+9) (build 17.0.6+9-LTS-190)
# Java VM: Java HotSpot(TM) 64-Bit Server VM (17.0.6+9-LTS-190, mixed mode, sharing, tiered, compressed oops, compressed class ptrs, g1 gc, windows-amd64)
GC Precious Log:
 CPUs: 4 total, 4 available
 Memory: 8074M
 Large Page Support: Disabled
 NUMA Support: Disabled
 Compressed Oops: Enabled (32-bit)
 Heap Region Size: 1M
 Heap Min Capacity: 8M
 Heap Initial Capacity: 128M
 Heap Max Capacity: 2020M
 Pre-touch: Disabled
 Parallel Workers: 4
 Concurrent Workers: 1
 Concurrent Refinement Workers: 4
 Periodic GC: Disabled
Heap:
 garbage-first heap   total 68608K, used 48451K [0x0000000081c00000, 0x0000000100000000)
  region size 1024K, 28 young (28672K), 4 survivors (4096K)
 Metaspace       used 62578K, committed 63104K, reserved 1105920K
  class space    used 8622K, committed 8896K, reserved 1048576K
GC Heap History (20 events):
Event: 1.662 GC heap before
{Heap before GC invocations=2 (full 0):
 garbage-first heap   total 131072K, used 31546K [0x0000000081c00000, 0x0000000100000000)
  region size 1024K, 24 young (24576K), 1 survivors (1024K)
 Metaspace       used 10179K, committed 10368K, reserved 1064960K
  class space    used 1289K, committed 1408K, reserved 1048576K
}
Event: 1.668 GC heap after
{Heap after GC invocations=3 (full 0):
 garbage-first heap   total 131072K, used 9646K [0x0000000081c00000, 0x0000000100000000)
  region size 1024K, 3 young (3072K), 3 survivors (3072K)
 Metaspace       used 10179K, committed 10368K, reserved 1064960K
  class space    used 1289K, committed 1408K, reserved 1048576K
}
Event: 2.996 GC heap before
{Heap before GC invocations=3 (full 0):
 garbage-first heap   total 131072K, used 58798K [0x0000000081c00000, 0x0000000100000000)
  region size 1024K, 53 young (54272K), 3 survivors (3072K)
 Metaspace       used 21241K, committed 21504K, reserved 1073152K
  class space    used 2759K, committed 2880K, reserved 1048576K
}
Event: 3.008 GC heap after
{Heap after GC invocations=4 (full 0):
 garbage-first heap   total 131072K, used 13348K [0x0000000081c00000, 0x0000000100000000)
  region size 1024K, 6 young (6144K), 6 survivors (6144K)
 Metaspace       used 21241K, committed 21504K, reserved 1073152K
  class space    used 2759K, committed 2880K, reserved 1048576K
}
Event: 3.801 GC heap before
{Heap before GC invocations=5 (full 0):
 garbage-first heap   total 51200K, used 37924K [0x0000000081c00000, 0x0000000100000000)
  region size 1024K, 30 young (30720K), 6 survivors (6144K)
 Metaspace       used 23899K, committed 24256K, reserved 1073152K
  class space    used 3103K, committed 3264K, reserved 1048576K
}
Event: 3.812 GC heap after
{Heap after GC invocations=6 (full 0):
 garbage-first heap   total 51200K, used 14873K [0x0000000081c00000, 0x0000000100000000)
  region size 1024K, 3 young (3072K), 3 survivors (3072K)
 Metaspace       used 23899K, committed 24256K, reserved 1073152K
  class space    used 3103K, committed 3264K, reserved 1048576K
}
Event: 3.844 GC heap before
{Heap before GC invocations=6 (full 0):
 garbage-first heap   total 51200K, used 15897K [0x0000000081c00000, 0x0000000100000000)
  region size 1024K, 4 young (4096K), 3 survivors (3072K)
 Metaspace       used 24028K, committed 24320K, reserved 1073152K
  class space    used 3119K, committed 3264K, reserved 1048576K
}
Event: 3.852 GC heap after
{Heap after GC invocations=7 (full 0):
 garbage-first heap   total 51200K, used 15592K [0x0000000081c00000, 0x0000000100000000)
  region size 1024K, 1 young (1024K), 1 survivors (1024K)
 Metaspace       used 24028K, committed 24320K, reserved 1073152K
  class space    used 3119K, committed 3264K, reserved 1048576K
}
Event: 4.590 GC heap before
{Heap before GC invocations=7 (full 0):
 garbage-first heap   total 51200K, used 35048K [0x0000000081c00000, 0x0000000100000000)
  region size 1024K, 20 young (20480K), 1 survivors (1024K)
 Metaspace       used 27133K, committed 27456K, reserved 1073152K
  class space    used 3598K, committed 3776K, reserved 1048576K
}
Event: 4.599 GC heap after
{Heap after GC invocations=8 (full 0):
 garbage-first heap   total 83968K, used 17023K [0x0000000081c00000, 0x0000000100000000)
  region size 1024K, 2 young (2048K), 2 survivors (2048K)
 Metaspace       used 27133K, committed 27456K, reserved 1073152K
  class space    used 3598K, committed 3776K, reserved 1048576K
}
Event: 5.944 GC heap before
{Heap before GC invocations=8 (full 0):
 garbage-first heap   total 83968K, used 54911K [0x0000000081c00000, 0x0000000100000000)
  region size 1024K, 40 young (40960K), 2 survivors (2048K)
 Metaspace       used 35775K, committed 36096K, reserved 1081344K
  class space    used 4806K, committed 4928K, reserved 1048576K
}
Event: 5.957 GC heap after
{Heap after GC invocations=9 (full 0):
 garbage-first heap   total 83968K, used 19092K [0x0000000081c00000, 0x0000000100000000)
  region size 1024K, 4 young (4096K), 4 survivors (4096K)
 Metaspace       used 35775K, committed 36096K, reserved 1081344K
  class space    used 4806K, committed 4928K, reserved 1048576K
}
Event: 7.392 GC heap before
{Heap before GC invocations=10 (full 0):
 garbage-first heap   total 68608K, used 55956K [0x0000000081c00000, 0x0000000100000000)
  region size 1024K, 40 young (40960K), 4 survivors (4096K)
 Metaspace       used 47837K, committed 48256K, reserved 1097728K
  class space    used 6289K, committed 6464K, reserved 1048576K
}
Event: 7.408 GC heap after
{Heap after GC invocations=11 (full 0):
 garbage-first heap   total 68608K, used 22061K [0x0000000081c00000, 0x0000000100000000)
  region size 1024K, 5 young (5120K), 5 survivors (5120K)
 Metaspace       used 47837K, committed 48256K, reserved 1097728K
  class space    used 6289K, committed 6464K, reserved 1048576K
}
Event: 7.454 GC heap before
{Heap before GC invocations=11 (full 0):
 garbage-first heap   total 68608K, used 22061K [0x0000000081c00000, 0x0000000100000000)
  region size 1024K, 6 young (6144K), 5 survivors (5120K)
 Metaspace       used 48397K, committed 48832K, reserved 1097728K
  class space    used 6532K, committed 6720K, reserved 1048576K
}
Event: 7.467 GC heap after
{Heap after GC invocations=12 (full 0):
 garbage-first heap   total 68608K, used 22055K [0x0000000081c00000, 0x0000000100000000)
  region size 1024K, 1 young (1024K), 1 survivors (1024K)
 Metaspace       used 48397K, committed 48832K, reserved 1097728K
  class space    used 6532K, committed 6720K, reserved 1048576K
}
Event: 8.490 GC heap before
{Heap before GC invocations=12 (full 0):
 garbage-first heap   total 68608K, used 51751K [0x0000000081c00000, 0x0000000100000000)
  region size 1024K, 30 young (30720K), 1 survivors (1024K)
 Metaspace       used 55222K, committed 55680K, reserved 1097728K
  class space    used 7588K, committed 7808K, reserved 1048576K
}
Event: 8.499 GC heap after
{Heap after GC invocations=13 (full 0):
 garbage-first heap   total 68608K, used 22557K [0x0000000081c00000, 0x0000000100000000)
  region size 1024K, 2 young (2048K), 2 survivors (2048K)
 Metaspace       used 55222K, committed 55680K, reserved 1097728K
  class space    used 7588K, committed 7808K, reserved 1048576K
}
Event: 9.407 GC heap before
{Heap before GC invocations=14 (full 0):
 garbage-first heap   total 68608K, used 53277K [0x0000000081c00000, 0x0000000100000000)
  region size 1024K, 32 young (32768K), 2 survivors (2048K)
 Metaspace       used 59399K, committed 59840K, reserved 1105920K
  class space    used 8182K, committed 8384K, reserved 1048576K
}
Event: 9.420 GC heap after
{Heap after GC invocations=15 (full 0):
 garbage-first heap   total 68608K, used 24899K [0x0000000081c00000, 0x0000000100000000)
  region size 1024K, 4 young (4096K), 4 survivors (4096K)
 Metaspace       used 59399K, committed 59840K, reserved 1105920K
  class space    used 8182K, committed 8384K, reserved 1048576K
}

