# JRE version: Java(TM) SE Runtime Environment (17.0.6+9) (build 17.0.6+9-LTS-190)
# Java VM: Java HotSpot(TM) 64-Bit Server VM (17.0.6+9-LTS-190, mixed mode, sharing, tiered, compressed oops, compressed class ptrs, g1 gc, windows-amd64)
GC Precious Log:
 CPUs: 4 total, 4 available
 Memory: 8074M
 Large Page Support: Disabled
 NUMA Support: Disabled
 Compressed Oops: Enabled (32-bit)
 Heap Region Size: 1M
 Heap Min Capacity: 8M
 Heap Initial Capacity: 128M
 Heap Max Capacity: 2020M
 Pre-touch: Disabled
 Parallel Workers: 4
 Concurrent Workers: 1
 Concurrent Refinement Workers: 4
 Periodic GC: Disabled
Heap:
 garbage-first heap   total 61440K, used 41216K [0x0000000081c00000, 0x0000000100000000)
  region size 1024K, 20 young (20480K), 4 survivors (4096K)
 Metaspace       used 62084K, committed 62592K, reserved 1105920K
  class space    used 8514K, committed 8768K, reserved 1048576K
GC Heap History (20 events):
Event: 1.920 GC heap before
{Heap before GC invocations=2 (full 0):
 garbage-first heap   total 131072K, used 31979K [0x0000000081c00000, 0x0000000100000000)
  region size 1024K, 24 young (24576K), 1 survivors (1024K)
 Metaspace       used 10173K, committed 10368K, reserved 1064960K
  class space    used 1289K, committed 1408K, reserved 1048576K
}
Event: 1.926 GC heap after
{Heap after GC invocations=3 (full 0):
 garbage-first heap   total 131072K, used 10131K [0x0000000081c00000, 0x0000000100000000)
  region size 1024K, 3 young (3072K), 3 survivors (3072K)
 Metaspace       used 10173K, committed 10368K, reserved 1064960K
  class space    used 1289K, committed 1408K, reserved 1048576K
}
Event: 3.291 GC heap before
{Heap before GC invocations=3 (full 0):
 garbage-first heap   total 131072K, used 59283K [0x0000000081c00000, 0x0000000100000000)
  region size 1024K, 53 young (54272K), 3 survivors (3072K)
 Metaspace       used 21238K, committed 21504K, reserved 1073152K
  class space    used 2756K, committed 2944K, reserved 1048576K
}
Event: 3.303 GC heap after
{Heap after GC invocations=4 (full 0):
 garbage-first heap   total 131072K, used 13717K [0x0000000081c00000, 0x0000000100000000)
  region size 1024K, 6 young (6144K), 6 survivors (6144K)
 Metaspace       used 21238K, committed 21504K, reserved 1073152K
  class space    used 2756K, committed 2944K, reserved 1048576K
}
Event: 4.229 GC heap before
{Heap before GC invocations=5 (full 0):
 garbage-first heap   total 51200K, used 40341K [0x0000000081c00000, 0x0000000100000000)
  region size 1024K, 33 young (33792K), 6 survivors (6144K)
 Metaspace       used 24536K, committed 24832K, reserved 1073152K
  class space    used 3185K, committed 3328K, reserved 1048576K
}
Event: 4.244 GC heap after
{Heap after GC invocations=6 (full 0):
 garbage-first heap   total 51200K, used 15971K [0x0000000081c00000, 0x0000000100000000)
  region size 1024K, 6 young (6144K), 6 survivors (6144K)
 Metaspace       used 24536K, committed 24832K, reserved 1073152K
  class space    used 3185K, committed 3328K, reserved 1048576K
}
Event: 4.959 GC heap before
{Heap before GC invocations=6 (full 0):
 garbage-first heap   total 51200K, used 34403K [0x0000000081c00000, 0x0000000100000000)
  region size 1024K, 24 young (24576K), 6 survivors (6144K)
 Metaspace       used 27406K, committed 27712K, reserved 1073152K
  class space    used 3641K, committed 3776K, reserved 1048576K
}
Event: 4.977 GC heap after
{Heap after GC invocations=7 (full 0):
 garbage-first heap   total 51200K, used 17257K [0x0000000081c00000, 0x0000000100000000)
  region size 1024K, 2 young (2048K), 2 survivors (2048K)
 Metaspace       used 27406K, committed 27712K, reserved 1073152K
  class space    used 3641K, committed 3776K, reserved 1048576K
}
Event: 5.650 GC heap before
{Heap before GC invocations=7 (full 0):
 garbage-first heap   total 51200K, used 34665K [0x0000000081c00000, 0x0000000100000000)
  region size 1024K, 20 young (20480K), 2 survivors (2048K)
 Metaspace       used 31203K, committed 31616K, reserved 1081344K
  class space    used 4156K, committed 4352K, reserved 1048576K
}
Event: 5.657 GC heap after
{Heap after GC invocations=8 (full 0):
 garbage-first heap   total 51200K, used 18399K [0x0000000081c00000, 0x0000000100000000)
  region size 1024K, 2 young (2048K), 2 survivors (2048K)
 Metaspace       used 31203K, committed 31616K, reserved 1081344K
  class space    used 4156K, committed 4352K, reserved 1048576K
}
Event: 6.246 GC heap before
{Heap before GC invocations=8 (full 0):
 garbage-first heap   total 51200K, used 36831K [0x0000000081c00000, 0x0000000100000000)
  region size 1024K, 21 young (21504K), 2 survivors (2048K)
 Metaspace       used 35784K, committed 36096K, reserved 1081344K
  class space    used 4806K, committed 4928K, reserved 1048576K
}
Event: 6.255 GC heap after
{Heap after GC invocations=9 (full 0):
 garbage-first heap   total 61440K, used 19017K [0x0000000081c00000, 0x0000000100000000)
  region size 1024K, 2 young (2048K), 2 survivors (2048K)
 Metaspace       used 35784K, committed 36096K, reserved 1081344K
  class space    used 4806K, committed 4928K, reserved 1048576K
}
Event: 7.382 GC heap before
{Heap before GC invocations=10 (full 0):
 garbage-first heap   total 61440K, used 46665K [0x0000000081c00000, 0x0000000100000000)
  region size 1024K, 29 young (29696K), 2 survivors (2048K)
 Metaspace       used 45326K, committed 45696K, reserved 1089536K
  class space    used 6010K, committed 6208K, reserved 1048576K
}
Event: 7.392 GC heap after
{Heap after GC invocations=11 (full 0):
 garbage-first heap   total 61440K, used 21386K [0x0000000081c00000, 0x0000000100000000)
  region size 1024K, 4 young (4096K), 4 survivors (4096K)
 Metaspace       used 45326K, committed 45696K, reserved 1089536K
  class space    used 6010K, committed 6208K, reserved 1048576K
}
Event: 8.331 GC heap before
{Heap before GC invocations=12 (full 0):
 garbage-first heap   total 61440K, used 45962K [0x0000000081c00000, 0x0000000100000000)
  region size 1024K, 29 young (29696K), 4 survivors (4096K)
 Metaspace       used 51847K, committed 52288K, reserved 1097728K
  class space    used 7103K, committed 7296K, reserved 1048576K
}
Event: 8.344 GC heap after
{Heap after GC invocations=13 (full 0):
 garbage-first heap   total 61440K, used 22362K [0x0000000081c00000, 0x0000000100000000)
  region size 1024K, 1 young (1024K), 1 survivors (1024K)
 Metaspace       used 51847K, committed 52288K, reserved 1097728K
  class space    used 7103K, committed 7296K, reserved 1048576K
}
Event: 9.085 GC heap before
{Heap before GC invocations=13 (full 0):
 garbage-first heap   total 61440K, used 46938K [0x0000000081c00000, 0x0000000100000000)
  region size 1024K, 26 young (26624K), 1 survivors (1024K)
 Metaspace       used 57230K, committed 57664K, reserved 1105920K
  class space    used 7830K, committed 8000K, reserved 1048576K
}
Event: 9.096 GC heap after
{Heap after GC invocations=14 (full 0):
 garbage-first heap   total 61440K, used 24159K [0x0000000081c00000, 0x0000000100000000)
  region size 1024K, 3 young (3072K), 3 survivors (3072K)
 Metaspace       used 57230K, committed 57664K, reserved 1105920K
  class space    used 7830K, committed 8000K, reserved 1048576K
}
Event: 9.778 GC heap before
{Heap before GC invocations=14 (full 0):
 garbage-first heap   total 61440K, used 47711K [0x0000000081c00000, 0x0000000100000000)
  region size 1024K, 26 young (26624K), 3 survivors (3072K)
 Metaspace       used 60178K, committed 60608K, reserved 1105920K
  class space    used 8245K, committed 8448K, reserved 1048576K
}
Event: 9.789 GC heap after
{Heap after GC invocations=15 (full 0):
 garbage-first heap   total 61440K, used 25856K [0x0000000081c00000, 0x0000000100000000)
  region size 1024K, 4 young (4096K), 4 survivors (4096K)
 Metaspace       used 60178K, committed 60608K, reserved 1105920K
  class space    used 8245K, committed 8448K, reserved 1048576K
}

