# JRE version: Java(TM) SE Runtime Environment (17.0.6+9) (build 17.0.6+9-LTS-190)
# Java VM: Java HotSpot(TM) 64-Bit Server VM (17.0.6+9-LTS-190, mixed mode, sharing, tiered, compressed oops, compressed class ptrs, g1 gc, windows-amd64)
GC Precious Log:
 CPUs: 4 total, 4 available
 Memory: 8074M
 Large Page Support: Disabled
 NUMA Support: Disabled
 Compressed Oops: Enabled (32-bit)
 Heap Region Size: 1M
 Heap Min Capacity: 8M
 Heap Initial Capacity: 128M
 Heap Max Capacity: 2020M
 Pre-touch: Disabled
 Parallel Workers: 4
 Concurrent Workers: 1
 Concurrent Refinement Workers: 4
 Periodic GC: Disabled
Heap:
 garbage-first heap   total 88064K, used 49086K [0x0000000081c00000, 0x0000000100000000)
  region size 1024K, 2 young (2048K), 2 survivors (2048K)
 Metaspace       used 34395K, committed 34816K, reserved 1081344K
  class space    used 3848K, committed 4032K, reserved 1048576K
GC Heap History (20 events):
Event: 17.602 GC heap after
{Heap after GC invocations=20 (full 0):
 garbage-first heap   total 61440K, used 20667K [0x0000000081c00000, 0x0000000100000000)
  region size 1024K, 2 young (2048K), 2 survivors (2048K)
 Metaspace       used 22051K, committed 22336K, reserved 1073152K
  class space    used 2421K, committed 2560K, reserved 1048576K
}
Event: 17.995 GC heap before
{Heap before GC invocations=20 (full 0):
 garbage-first heap   total 61440K, used 28859K [0x0000000081c00000, 0x0000000100000000)
  region size 1024K, 3 young (3072K), 2 survivors (2048K)
 Metaspace       used 22060K, committed 22336K, reserved 1073152K
  class space    used 2421K, committed 2560K, reserved 1048576K
}
Event: 17.998 GC heap after
{Heap after GC invocations=21 (full 0):
 garbage-first heap   total 61440K, used 16464K [0x0000000081c00000, 0x0000000100000000)
  region size 1024K, 2 young (2048K), 2 survivors (2048K)
 Metaspace       used 22060K, committed 22336K, reserved 1073152K
  class space    used 2421K, committed 2560K, reserved 1048576K
}
Event: 18.713 GC heap before
{Heap before GC invocations=21 (full 0):
 garbage-first heap   total 61440K, used 43088K [0x0000000081c00000, 0x0000000100000000)
  region size 1024K, 17 young (17408K), 2 survivors (2048K)
 Metaspace       used 24699K, committed 24960K, reserved 1073152K
  class space    used 2731K, committed 2880K, reserved 1048576K
}
Event: 18.719 GC heap after
{Heap after GC invocations=22 (full 0):
 garbage-first heap   total 61440K, used 19323K [0x0000000081c00000, 0x0000000100000000)
  region size 1024K, 2 young (2048K), 2 survivors (2048K)
 Metaspace       used 24699K, committed 24960K, reserved 1073152K
  class space    used 2731K, committed 2880K, reserved 1048576K
}
Event: 19.559 GC heap before
{Heap before GC invocations=22 (full 0):
 garbage-first heap   total 61440K, used 54139K [0x0000000081c00000, 0x0000000100000000)
  region size 1024K, 32 young (32768K), 2 survivors (2048K)
 Metaspace       used 30173K, committed 30464K, reserved 1081344K
  class space    used 3382K, committed 3520K, reserved 1048576K
}
Event: 19.581 GC heap after
{Heap after GC invocations=23 (full 0):
 garbage-first heap   total 70656K, used 35266K [0x0000000081c00000, 0x0000000100000000)
  region size 1024K, 4 young (4096K), 4 survivors (4096K)
 Metaspace       used 30173K, committed 30464K, reserved 1081344K
  class space    used 3382K, committed 3520K, reserved 1048576K
}
Event: 19.930 GC heap before
{Heap before GC invocations=23 (full 0):
 garbage-first heap   total 70656K, used 53698K [0x0000000081c00000, 0x0000000100000000)
  region size 1024K, 22 young (22528K), 4 survivors (4096K)
 Metaspace       used 30820K, committed 31104K, reserved 1081344K
  class space    used 3452K, committed 3584K, reserved 1048576K
}
Event: 19.938 GC heap after
{Heap after GC invocations=24 (full 0):
 garbage-first heap   total 84992K, used 39258K [0x0000000081c00000, 0x0000000100000000)
  region size 1024K, 3 young (3072K), 3 survivors (3072K)
 Metaspace       used 30820K, committed 31104K, reserved 1081344K
  class space    used 3452K, committed 3584K, reserved 1048576K
}
Event: 20.838 GC heap before
{Heap before GC invocations=24 (full 0):
 garbage-first heap   total 84992K, used 60762K [0x0000000081c00000, 0x0000000100000000)
  region size 1024K, 25 young (25600K), 3 survivors (3072K)
 Metaspace       used 32207K, committed 32512K, reserved 1081344K
  class space    used 3604K, committed 3776K, reserved 1048576K
}
Event: 20.844 GC heap after
{Heap after GC invocations=25 (full 0):
 garbage-first heap   total 84992K, used 40847K [0x0000000081c00000, 0x0000000100000000)
  region size 1024K, 1 young (1024K), 1 survivors (1024K)
 Metaspace       used 32207K, committed 32512K, reserved 1081344K
  class space    used 3604K, committed 3776K, reserved 1048576K
}
Event: 21.961 GC heap before
{Heap before GC invocations=25 (full 0):
 garbage-first heap   total 84992K, used 63375K [0x0000000081c00000, 0x0000000100000000)
  region size 1024K, 24 young (24576K), 1 survivors (1024K)
 Metaspace       used 34288K, committed 34688K, reserved 1081344K
  class space    used 3846K, committed 4032K, reserved 1048576K
}
Event: 21.966 GC heap after
{Heap after GC invocations=26 (full 0):
 garbage-first heap   total 84992K, used 40499K [0x0000000081c00000, 0x0000000100000000)
  region size 1024K, 2 young (2048K), 2 survivors (2048K)
 Metaspace       used 34288K, committed 34688K, reserved 1081344K
  class space    used 3846K, committed 4032K, reserved 1048576K
}
Event: 22.618 GC heap before
{Heap before GC invocations=27 (full 0):
 garbage-first heap   total 84992K, used 67123K [0x0000000081c00000, 0x0000000100000000)
  region size 1024K, 26 young (26624K), 2 survivors (2048K)
 Metaspace       used 34394K, committed 34816K, reserved 1081344K
  class space    used 3848K, committed 4032K, reserved 1048576K
}
Event: 22.627 GC heap after
{Heap after GC invocations=28 (full 0):
 garbage-first heap   total 84992K, used 54876K [0x0000000081c00000, 0x0000000100000000)
  region size 1024K, 4 young (4096K), 4 survivors (4096K)
 Metaspace       used 34394K, committed 34816K, reserved 1081344K
  class space    used 3848K, committed 4032K, reserved 1048576K
}
Event: 22.665 GC heap before
{Heap before GC invocations=28 (full 0):
 garbage-first heap   total 84992K, used 55900K [0x0000000081c00000, 0x0000000100000000)
  region size 1024K, 5 young (5120K), 4 survivors (4096K)
 Metaspace       used 34394K, committed 34816K, reserved 1081344K
  class space    used 3848K, committed 4032K, reserved 1048576K
}
Event: 22.672 GC heap after
{Heap after GC invocations=29 (full 0):
 garbage-first heap   total 84992K, used 48048K [0x0000000081c00000, 0x0000000100000000)
  region size 1024K, 1 young (1024K), 1 survivors (1024K)
 Metaspace       used 34394K, committed 34816K, reserved 1081344K
  class space    used 3848K, committed 4032K, reserved 1048576K
}
Event: 22.703 GC heap before
{Heap before GC invocations=29 (full 0):
 garbage-first heap   total 84992K, used 51120K [0x0000000081c00000, 0x0000000100000000)
  region size 1024K, 4 young (4096K), 1 survivors (1024K)
 Metaspace       used 34394K, committed 34816K, reserved 1081344K
  class space    used 3848K, committed 4032K, reserved 1048576K
}
Event: 22.706 GC heap after
{Heap after GC invocations=30 (full 0):
 garbage-first heap   total 84992K, used 48783K [0x0000000081c00000, 0x0000000100000000)
  region size 1024K, 1 young (1024K), 1 survivors (1024K)
 Metaspace       used 34394K, committed 34816K, reserved 1081344K
  class space    used 3848K, committed 4032K, reserved 1048576K
}
Event: 22.719 GC heap before
{Heap before GC invocations=30 (full 0):
 garbage-first heap   total 84992K, used 48783K [0x0000000081c00000, 0x0000000100000000)
  region size 1024K, 2 young (2048K), 1 survivors (1024K)
 Metaspace       used 34395K, committed 34816K, reserved 1081344K
  class space    used 3848K, committed 4032K, reserved 1048576K
}

